Build started 5/18/2013 6:56:55 AM.
     1>Project "C:\Users\David\documents\visual studio 2010\Projects\Squeak\Squeak\Squeak.vcxproj" on node 2 (build target(s)).
     1>InitializeBuildStatus:
         Creating "Debug\Squeak.unsuccessfulbuild" because "AlwaysCreate" was specified.
       GenerateTargetFrameworkMonikerAttribute:
       Skipping target "GenerateTargetFrameworkMonikerAttribute" because all output files are up-to-date with respect to the input files.
       ClCompile:
         All outputs are up-to-date.
         c:\Program Files (x86)\Microsoft Visual Studio 10.0\VC\bin\CL.exe /c /AI"C:\Program Files (x86)\Reference Assemblies\Microsoft\Framework\.NETFramework\v4.0" /Zi /clr:pure /nologo /W3 /WX- /Od /Oy- /D WIN32 /D _DEBUG /D _UNICODE /D UNICODE /EHa /MDd /GS /fp:precise /Zc:wchar_t /Zc:forScope /Yu"StdAfx.h" /Fp"Debug\Squeak.pch" /Fo"Debug\\" /Fd"Debug\vc100.pdb" /TP /FU"C:\Program Files (x86)\Reference Assemblies\Microsoft\Framework\.NETFramework\v4.0\Microsoft.VisualBasic.dll" /FU"C:\Program Files (x86)\Reference Assemblies\Microsoft\VBPowerPacks\v10.0\Microsoft.VisualBasic.PowerPacks.Vs.dll" /FU"C:\Program Files (x86)\Reference Assemblies\Microsoft\Framework\.NETFramework\v4.0\System.Core.dll" /FU"C:\Program Files (x86)\Reference Assemblies\Microsoft\Framework\.NETFramework\v4.0\System.Data.dll" /FU"C:\Program Files (x86)\Reference Assemblies\Microsoft\Framework\.NETFramework\v4.0\System.dll" /FU"C:\Program Files (x86)\Reference Assemblies\Microsoft\Framework\.NETFramework\v4.0\System.Drawing.dll" /FU"C:\Program Files (x86)\Reference Assemblies\Microsoft\Framework\.NETFramework\v4.0\System.Windows.Forms.dll" /FU"C:\Program Files (x86)\Reference Assemblies\Microsoft\Framework\.NETFramework\v4.0\System.Xml.dll" /FUInterop\Interop.WMPLib.1.0.dll /FUInterop\AxInterop.WMPLib.1.0.dll /analyze- /errorReport:prompt Squeak.cpp /clr:nostdlib 
         Squeak.cpp
         All outputs are up-to-date.
       CoreResGen:
         All outputs are up-to-date.
       ResourceCompile:
         All outputs are up-to-date.
       Link:
         c:\Program Files (x86)\Microsoft Visual Studio 10.0\VC\bin\link.exe /ERRORREPORT:PROMPT /OUT:"C:\Users\David\documents\visual studio 2010\Projects\Squeak\Debug\Squeak.exe" /INCREMENTAL /NOLOGO /ASSEMBLYRESOURCE:Debug\Squeak.Form1.resources /ASSEMBLYRESOURCE:Debug\Squeak.FormTextInput.resources /MANIFEST /ManifestFile:"Debug\Squeak.exe.intermediate.manifest" /MANIFESTUAC:"level='asInvoker' uiAccess='false'" /DEBUG /PDB:"C:\Users\David\documents\visual studio 2010\Projects\Squeak\Debug\Squeak.pdb" /ASSEMBLYDEBUG /SUBSYSTEM:WINDOWS /TLBID:1 /ENTRY:"main" /DYNAMICBASE /FIXED:NO /NXCOMPAT /MACHINE:X86 Debug\app.res
         Debug\AssemblyInfo.obj
         Debug\FormTextInput.obj
         Debug\MouseEvent.obj
         Debug\MouseLL.obj
         Debug\Squeak.obj
         Debug\stdafx.obj
         Debug\TimeState.obj
         "Debug\.NETFramework,Version=v4.0.AssemblyAttributes.obj"
         Squeak.vcxproj -> C:\Users\David\documents\visual studio 2010\Projects\Squeak\Debug\Squeak.exe
       Manifest:
         C:\Program Files (x86)\Microsoft SDKs\Windows\v7.0A\bin\mt.exe /nologo /verbose /outputresource:"C:\Users\David\documents\visual studio 2010\Projects\Squeak\Debug\Squeak.exe;#1" /manifest Debug\Squeak.exe.intermediate.manifest
       FinalizeBuildStatus:
         Deleting file "Debug\Squeak.unsuccessfulbuild".
         Touching "Debug\Squeak.lastbuildstate".
     1>Done Building Project "C:\Users\David\documents\visual studio 2010\Projects\Squeak\Squeak\Squeak.vcxproj" (build target(s)).

Build succeeded.

Time Elapsed 00:00:03.28
