C:\USERS\DAVID\DOCUMENTS\VISUAL STUDIO 2010\PROJECTS\SQUEAK\DEBUG\SQUEAK.EXE
C:\USERS\DAVID\DOCUMENTS\VISUAL STUDIO 2010\PROJECTS\SQUEAK\DEBUG\SQUEAK.ILK
C:\USERS\DAVID\DOCUMENTS\VISUAL STUDIO 2010\PROJECTS\SQUEAK\DEBUG\SQUEAK.PDB
C:\USERS\DAVID\DOCUMENTS\VISUAL STUDIO 2010\PROJECTS\SQUEAK\SQUEAK\DEBUG\.NETFRAMEWORK,VERSION=V4.0.ASSEMBLYATTRIBUTES.OBJ
C:\USERS\DAVID\DOCUMENTS\VISUAL STUDIO 2010\PROJECTS\SQUEAK\SQUEAK\DEBUG\APP.RES
C:\USERS\DAVID\DOCUMENTS\VISUAL STUDIO 2010\PROJECTS\SQUEAK\SQUEAK\DEBUG\ASSEMBLYINFO.OBJ
C:\Users\David\documents\visual studio 2010\Projects\Squeak\Squeak\Debug\AXINTEROP.WMPLIB.1.0.DLL.metagen
C:\Users\David\documents\visual studio 2010\Projects\Squeak\Squeak\Debug\cl.command.1.tlog
C:\Users\David\documents\visual studio 2010\Projects\Squeak\Squeak\Debug\CL.read.1.tlog
C:\Users\David\documents\visual studio 2010\Projects\Squeak\Squeak\Debug\CL.write.1.tlog
C:\USERS\DAVID\DOCUMENTS\VISUAL STUDIO 2010\PROJECTS\SQUEAK\SQUEAK\DEBUG\FORMTEXTINPUT.OBJ
C:\Users\David\documents\visual studio 2010\Projects\Squeak\Squeak\Debug\GenerateResource.read.1.tlog
C:\Users\David\documents\visual studio 2010\Projects\Squeak\Squeak\Debug\GenerateResource.read.10.tlog
C:\Users\David\documents\visual studio 2010\Projects\Squeak\Squeak\Debug\GenerateResource.read.38.tlog
C:\Users\David\documents\visual studio 2010\Projects\Squeak\Squeak\Debug\GenerateResource.read.54.tlog
C:\Users\David\documents\visual studio 2010\Projects\Squeak\Squeak\Debug\GenerateResource.read.7.tlog
C:\Users\David\documents\visual studio 2010\Projects\Squeak\Squeak\Debug\GenerateResource.read.84.tlog
C:\Users\David\documents\visual studio 2010\Projects\Squeak\Squeak\Debug\GenerateResource.write.1.tlog
C:\Users\David\documents\visual studio 2010\Projects\Squeak\Squeak\Debug\GenerateResource.write.10.tlog
C:\Users\David\documents\visual studio 2010\Projects\Squeak\Squeak\Debug\GenerateResource.write.38.tlog
C:\Users\David\documents\visual studio 2010\Projects\Squeak\Squeak\Debug\GenerateResource.write.54.tlog
C:\Users\David\documents\visual studio 2010\Projects\Squeak\Squeak\Debug\GenerateResource.write.7.tlog
C:\Users\David\documents\visual studio 2010\Projects\Squeak\Squeak\Debug\GenerateResource.write.84.tlog
C:\Users\David\documents\visual studio 2010\Projects\Squeak\Squeak\Debug\INTEROP.WMPLIB.1.0.DLL.metagen
C:\Users\David\documents\visual studio 2010\Projects\Squeak\Squeak\Debug\link.10032.read.1.tlog
C:\Users\David\documents\visual studio 2010\Projects\Squeak\Squeak\Debug\link.10032.write.1.tlog
C:\Users\David\documents\visual studio 2010\Projects\Squeak\Squeak\Debug\link.10032-cvtres.read.1.tlog
C:\Users\David\documents\visual studio 2010\Projects\Squeak\Squeak\Debug\link.10032-cvtres.write.1.tlog
C:\Users\David\documents\visual studio 2010\Projects\Squeak\Squeak\Debug\link.10092.read.1.tlog
C:\Users\David\documents\visual studio 2010\Projects\Squeak\Squeak\Debug\link.10092.write.1.tlog
C:\Users\David\documents\visual studio 2010\Projects\Squeak\Squeak\Debug\link.10092-cvtres.read.1.tlog
C:\Users\David\documents\visual studio 2010\Projects\Squeak\Squeak\Debug\link.10092-cvtres.write.1.tlog
C:\Users\David\documents\visual studio 2010\Projects\Squeak\Squeak\Debug\link.10144.read.1.tlog
C:\Users\David\documents\visual studio 2010\Projects\Squeak\Squeak\Debug\link.10144.write.1.tlog
C:\Users\David\documents\visual studio 2010\Projects\Squeak\Squeak\Debug\link.10144-cvtres.read.1.tlog
C:\Users\David\documents\visual studio 2010\Projects\Squeak\Squeak\Debug\link.10144-cvtres.write.1.tlog
C:\Users\David\documents\visual studio 2010\Projects\Squeak\Squeak\Debug\link.10160.read.1.tlog
C:\Users\David\documents\visual studio 2010\Projects\Squeak\Squeak\Debug\link.10160.write.1.tlog
C:\Users\David\documents\visual studio 2010\Projects\Squeak\Squeak\Debug\link.10160-cvtres.read.1.tlog
C:\Users\David\documents\visual studio 2010\Projects\Squeak\Squeak\Debug\link.10160-cvtres.write.1.tlog
C:\Users\David\documents\visual studio 2010\Projects\Squeak\Squeak\Debug\link.10168.read.1.tlog
C:\Users\David\documents\visual studio 2010\Projects\Squeak\Squeak\Debug\link.10168.write.1.tlog
C:\Users\David\documents\visual studio 2010\Projects\Squeak\Squeak\Debug\link.10168-cvtres.read.1.tlog
C:\Users\David\documents\visual studio 2010\Projects\Squeak\Squeak\Debug\link.10168-cvtres.write.1.tlog
C:\Users\David\documents\visual studio 2010\Projects\Squeak\Squeak\Debug\link.10204.read.1.tlog
C:\Users\David\documents\visual studio 2010\Projects\Squeak\Squeak\Debug\link.10204.write.1.tlog
C:\Users\David\documents\visual studio 2010\Projects\Squeak\Squeak\Debug\link.10204-cvtres.read.1.tlog
C:\Users\David\documents\visual studio 2010\Projects\Squeak\Squeak\Debug\link.10204-cvtres.write.1.tlog
C:\Users\David\documents\visual studio 2010\Projects\Squeak\Squeak\Debug\link.10316.read.1.tlog
C:\Users\David\documents\visual studio 2010\Projects\Squeak\Squeak\Debug\link.10316.write.1.tlog
C:\Users\David\documents\visual studio 2010\Projects\Squeak\Squeak\Debug\link.10316-cvtres.read.1.tlog
C:\Users\David\documents\visual studio 2010\Projects\Squeak\Squeak\Debug\link.10316-cvtres.write.1.tlog
C:\Users\David\documents\visual studio 2010\Projects\Squeak\Squeak\Debug\link.10364.read.1.tlog
C:\Users\David\documents\visual studio 2010\Projects\Squeak\Squeak\Debug\link.10364.write.1.tlog
C:\Users\David\documents\visual studio 2010\Projects\Squeak\Squeak\Debug\link.10364-cvtres.read.1.tlog
C:\Users\David\documents\visual studio 2010\Projects\Squeak\Squeak\Debug\link.10364-cvtres.write.1.tlog
C:\Users\David\documents\visual studio 2010\Projects\Squeak\Squeak\Debug\link.10380.read.1.tlog
C:\Users\David\documents\visual studio 2010\Projects\Squeak\Squeak\Debug\link.10380.write.1.tlog
C:\Users\David\documents\visual studio 2010\Projects\Squeak\Squeak\Debug\link.10380-cvtres.read.1.tlog
C:\Users\David\documents\visual studio 2010\Projects\Squeak\Squeak\Debug\link.10380-cvtres.write.1.tlog
C:\Users\David\documents\visual studio 2010\Projects\Squeak\Squeak\Debug\link.10392.read.1.tlog
C:\Users\David\documents\visual studio 2010\Projects\Squeak\Squeak\Debug\link.10392.write.1.tlog
C:\Users\David\documents\visual studio 2010\Projects\Squeak\Squeak\Debug\link.10392-cvtres.read.1.tlog
C:\Users\David\documents\visual studio 2010\Projects\Squeak\Squeak\Debug\link.10392-cvtres.write.1.tlog
C:\Users\David\documents\visual studio 2010\Projects\Squeak\Squeak\Debug\link.10412.read.1.tlog
C:\Users\David\documents\visual studio 2010\Projects\Squeak\Squeak\Debug\link.10412.write.1.tlog
C:\Users\David\documents\visual studio 2010\Projects\Squeak\Squeak\Debug\link.10412-cvtres.read.1.tlog
C:\Users\David\documents\visual studio 2010\Projects\Squeak\Squeak\Debug\link.10412-cvtres.write.1.tlog
C:\Users\David\documents\visual studio 2010\Projects\Squeak\Squeak\Debug\link.10424.read.1.tlog
C:\Users\David\documents\visual studio 2010\Projects\Squeak\Squeak\Debug\link.10424.write.1.tlog
C:\Users\David\documents\visual studio 2010\Projects\Squeak\Squeak\Debug\link.10424-cvtres.read.1.tlog
C:\Users\David\documents\visual studio 2010\Projects\Squeak\Squeak\Debug\link.10424-cvtres.write.1.tlog
C:\Users\David\documents\visual studio 2010\Projects\Squeak\Squeak\Debug\link.10432.read.1.tlog
C:\Users\David\documents\visual studio 2010\Projects\Squeak\Squeak\Debug\link.10432.write.1.tlog
C:\Users\David\documents\visual studio 2010\Projects\Squeak\Squeak\Debug\link.10432-cvtres.read.1.tlog
C:\Users\David\documents\visual studio 2010\Projects\Squeak\Squeak\Debug\link.10432-cvtres.write.1.tlog
C:\Users\David\documents\visual studio 2010\Projects\Squeak\Squeak\Debug\link.10488.read.1.tlog
C:\Users\David\documents\visual studio 2010\Projects\Squeak\Squeak\Debug\link.10488.write.1.tlog
C:\Users\David\documents\visual studio 2010\Projects\Squeak\Squeak\Debug\link.10488-cvtres.read.1.tlog
C:\Users\David\documents\visual studio 2010\Projects\Squeak\Squeak\Debug\link.10488-cvtres.write.1.tlog
C:\Users\David\documents\visual studio 2010\Projects\Squeak\Squeak\Debug\link.10496.read.1.tlog
C:\Users\David\documents\visual studio 2010\Projects\Squeak\Squeak\Debug\link.10496.write.1.tlog
C:\Users\David\documents\visual studio 2010\Projects\Squeak\Squeak\Debug\link.10496-cvtres.read.1.tlog
C:\Users\David\documents\visual studio 2010\Projects\Squeak\Squeak\Debug\link.10496-cvtres.write.1.tlog
C:\Users\David\documents\visual studio 2010\Projects\Squeak\Squeak\Debug\link.10516.read.1.tlog
C:\Users\David\documents\visual studio 2010\Projects\Squeak\Squeak\Debug\link.10516.write.1.tlog
C:\Users\David\documents\visual studio 2010\Projects\Squeak\Squeak\Debug\link.10516-cvtres.read.1.tlog
C:\Users\David\documents\visual studio 2010\Projects\Squeak\Squeak\Debug\link.10516-cvtres.write.1.tlog
C:\Users\David\documents\visual studio 2010\Projects\Squeak\Squeak\Debug\link.10596.read.1.tlog
C:\Users\David\documents\visual studio 2010\Projects\Squeak\Squeak\Debug\link.10596.write.1.tlog
C:\Users\David\documents\visual studio 2010\Projects\Squeak\Squeak\Debug\link.10596-cvtres.read.1.tlog
C:\Users\David\documents\visual studio 2010\Projects\Squeak\Squeak\Debug\link.10596-cvtres.write.1.tlog
C:\Users\David\documents\visual studio 2010\Projects\Squeak\Squeak\Debug\link.10644.read.1.tlog
C:\Users\David\documents\visual studio 2010\Projects\Squeak\Squeak\Debug\link.10644.write.1.tlog
C:\Users\David\documents\visual studio 2010\Projects\Squeak\Squeak\Debug\link.10644-cvtres.read.1.tlog
C:\Users\David\documents\visual studio 2010\Projects\Squeak\Squeak\Debug\link.10644-cvtres.write.1.tlog
C:\Users\David\documents\visual studio 2010\Projects\Squeak\Squeak\Debug\link.10760.read.1.tlog
C:\Users\David\documents\visual studio 2010\Projects\Squeak\Squeak\Debug\link.10760.write.1.tlog
C:\Users\David\documents\visual studio 2010\Projects\Squeak\Squeak\Debug\link.10760-cvtres.read.1.tlog
C:\Users\David\documents\visual studio 2010\Projects\Squeak\Squeak\Debug\link.10760-cvtres.write.1.tlog
C:\Users\David\documents\visual studio 2010\Projects\Squeak\Squeak\Debug\link.10872.read.1.tlog
C:\Users\David\documents\visual studio 2010\Projects\Squeak\Squeak\Debug\link.10872.write.1.tlog
C:\Users\David\documents\visual studio 2010\Projects\Squeak\Squeak\Debug\link.10872-cvtres.read.1.tlog
C:\Users\David\documents\visual studio 2010\Projects\Squeak\Squeak\Debug\link.10872-cvtres.write.1.tlog
C:\Users\David\documents\visual studio 2010\Projects\Squeak\Squeak\Debug\link.10896.read.1.tlog
C:\Users\David\documents\visual studio 2010\Projects\Squeak\Squeak\Debug\link.10896.write.1.tlog
C:\Users\David\documents\visual studio 2010\Projects\Squeak\Squeak\Debug\link.10896-cvtres.read.1.tlog
C:\Users\David\documents\visual studio 2010\Projects\Squeak\Squeak\Debug\link.10896-cvtres.write.1.tlog
C:\Users\David\documents\visual studio 2010\Projects\Squeak\Squeak\Debug\link.10980.read.1.tlog
C:\Users\David\documents\visual studio 2010\Projects\Squeak\Squeak\Debug\link.10980.write.1.tlog
C:\Users\David\documents\visual studio 2010\Projects\Squeak\Squeak\Debug\link.10980-cvtres.read.1.tlog
C:\Users\David\documents\visual studio 2010\Projects\Squeak\Squeak\Debug\link.10980-cvtres.write.1.tlog
C:\Users\David\documents\visual studio 2010\Projects\Squeak\Squeak\Debug\link.11064.read.1.tlog
C:\Users\David\documents\visual studio 2010\Projects\Squeak\Squeak\Debug\link.11064.write.1.tlog
C:\Users\David\documents\visual studio 2010\Projects\Squeak\Squeak\Debug\link.11064-cvtres.read.1.tlog
C:\Users\David\documents\visual studio 2010\Projects\Squeak\Squeak\Debug\link.11064-cvtres.write.1.tlog
C:\Users\David\documents\visual studio 2010\Projects\Squeak\Squeak\Debug\link.11080.read.1.tlog
C:\Users\David\documents\visual studio 2010\Projects\Squeak\Squeak\Debug\link.11080.write.1.tlog
C:\Users\David\documents\visual studio 2010\Projects\Squeak\Squeak\Debug\link.11080-cvtres.read.1.tlog
C:\Users\David\documents\visual studio 2010\Projects\Squeak\Squeak\Debug\link.11080-cvtres.write.1.tlog
C:\Users\David\documents\visual studio 2010\Projects\Squeak\Squeak\Debug\link.11148.read.1.tlog
C:\Users\David\documents\visual studio 2010\Projects\Squeak\Squeak\Debug\link.11148.write.1.tlog
C:\Users\David\documents\visual studio 2010\Projects\Squeak\Squeak\Debug\link.11148-cvtres.read.1.tlog
C:\Users\David\documents\visual studio 2010\Projects\Squeak\Squeak\Debug\link.11148-cvtres.write.1.tlog
C:\Users\David\documents\visual studio 2010\Projects\Squeak\Squeak\Debug\link.11164.read.1.tlog
C:\Users\David\documents\visual studio 2010\Projects\Squeak\Squeak\Debug\link.11164.write.1.tlog
C:\Users\David\documents\visual studio 2010\Projects\Squeak\Squeak\Debug\link.11164-cvtres.read.1.tlog
C:\Users\David\documents\visual studio 2010\Projects\Squeak\Squeak\Debug\link.11164-cvtres.write.1.tlog
C:\Users\David\documents\visual studio 2010\Projects\Squeak\Squeak\Debug\link.11200.read.1.tlog
C:\Users\David\documents\visual studio 2010\Projects\Squeak\Squeak\Debug\link.11200.write.1.tlog
C:\Users\David\documents\visual studio 2010\Projects\Squeak\Squeak\Debug\link.11200-cvtres.read.1.tlog
C:\Users\David\documents\visual studio 2010\Projects\Squeak\Squeak\Debug\link.11200-cvtres.write.1.tlog
C:\Users\David\documents\visual studio 2010\Projects\Squeak\Squeak\Debug\link.1220.read.1.tlog
C:\Users\David\documents\visual studio 2010\Projects\Squeak\Squeak\Debug\link.1220.write.1.tlog
C:\Users\David\documents\visual studio 2010\Projects\Squeak\Squeak\Debug\link.1220-cvtres.read.1.tlog
C:\Users\David\documents\visual studio 2010\Projects\Squeak\Squeak\Debug\link.1220-cvtres.write.1.tlog
C:\Users\David\documents\visual studio 2010\Projects\Squeak\Squeak\Debug\link.1364.read.1.tlog
C:\Users\David\documents\visual studio 2010\Projects\Squeak\Squeak\Debug\link.1364.write.1.tlog
C:\Users\David\documents\visual studio 2010\Projects\Squeak\Squeak\Debug\link.1364-cvtres.read.1.tlog
C:\Users\David\documents\visual studio 2010\Projects\Squeak\Squeak\Debug\link.1364-cvtres.write.1.tlog
C:\Users\David\documents\visual studio 2010\Projects\Squeak\Squeak\Debug\link.1588.read.1.tlog
C:\Users\David\documents\visual studio 2010\Projects\Squeak\Squeak\Debug\link.1588.write.1.tlog
C:\Users\David\documents\visual studio 2010\Projects\Squeak\Squeak\Debug\link.1588-cvtres.read.1.tlog
C:\Users\David\documents\visual studio 2010\Projects\Squeak\Squeak\Debug\link.1588-cvtres.write.1.tlog
C:\Users\David\documents\visual studio 2010\Projects\Squeak\Squeak\Debug\link.2716.read.1.tlog
C:\Users\David\documents\visual studio 2010\Projects\Squeak\Squeak\Debug\link.2716.write.1.tlog
C:\Users\David\documents\visual studio 2010\Projects\Squeak\Squeak\Debug\link.2716-cvtres.read.1.tlog
C:\Users\David\documents\visual studio 2010\Projects\Squeak\Squeak\Debug\link.2716-cvtres.write.1.tlog
C:\Users\David\documents\visual studio 2010\Projects\Squeak\Squeak\Debug\link.328.read.1.tlog
C:\Users\David\documents\visual studio 2010\Projects\Squeak\Squeak\Debug\link.328.write.1.tlog
C:\Users\David\documents\visual studio 2010\Projects\Squeak\Squeak\Debug\link.328-cvtres.read.1.tlog
C:\Users\David\documents\visual studio 2010\Projects\Squeak\Squeak\Debug\link.328-cvtres.write.1.tlog
C:\Users\David\documents\visual studio 2010\Projects\Squeak\Squeak\Debug\link.356.read.1.tlog
C:\Users\David\documents\visual studio 2010\Projects\Squeak\Squeak\Debug\link.356.write.1.tlog
C:\Users\David\documents\visual studio 2010\Projects\Squeak\Squeak\Debug\link.356-cvtres.read.1.tlog
C:\Users\David\documents\visual studio 2010\Projects\Squeak\Squeak\Debug\link.356-cvtres.write.1.tlog
C:\Users\David\documents\visual studio 2010\Projects\Squeak\Squeak\Debug\link.384.read.1.tlog
C:\Users\David\documents\visual studio 2010\Projects\Squeak\Squeak\Debug\link.384.write.1.tlog
C:\Users\David\documents\visual studio 2010\Projects\Squeak\Squeak\Debug\link.384-cvtres.read.1.tlog
C:\Users\David\documents\visual studio 2010\Projects\Squeak\Squeak\Debug\link.384-cvtres.write.1.tlog
C:\Users\David\documents\visual studio 2010\Projects\Squeak\Squeak\Debug\link.3948.read.1.tlog
C:\Users\David\documents\visual studio 2010\Projects\Squeak\Squeak\Debug\link.3948.write.1.tlog
C:\Users\David\documents\visual studio 2010\Projects\Squeak\Squeak\Debug\link.3948-cvtres.read.1.tlog
C:\Users\David\documents\visual studio 2010\Projects\Squeak\Squeak\Debug\link.3948-cvtres.write.1.tlog
C:\Users\David\documents\visual studio 2010\Projects\Squeak\Squeak\Debug\link.4212.read.1.tlog
C:\Users\David\documents\visual studio 2010\Projects\Squeak\Squeak\Debug\link.4212.write.1.tlog
C:\Users\David\documents\visual studio 2010\Projects\Squeak\Squeak\Debug\link.4212-cvtres.read.1.tlog
C:\Users\David\documents\visual studio 2010\Projects\Squeak\Squeak\Debug\link.4212-cvtres.write.1.tlog
C:\Users\David\documents\visual studio 2010\Projects\Squeak\Squeak\Debug\link.4372.read.1.tlog
C:\Users\David\documents\visual studio 2010\Projects\Squeak\Squeak\Debug\link.4372.write.1.tlog
C:\Users\David\documents\visual studio 2010\Projects\Squeak\Squeak\Debug\link.4372-cvtres.read.1.tlog
C:\Users\David\documents\visual studio 2010\Projects\Squeak\Squeak\Debug\link.4372-cvtres.write.1.tlog
C:\Users\David\documents\visual studio 2010\Projects\Squeak\Squeak\Debug\link.5496.read.1.tlog
C:\Users\David\documents\visual studio 2010\Projects\Squeak\Squeak\Debug\link.5496.write.1.tlog
C:\Users\David\documents\visual studio 2010\Projects\Squeak\Squeak\Debug\link.5496-cvtres.read.1.tlog
C:\Users\David\documents\visual studio 2010\Projects\Squeak\Squeak\Debug\link.5496-cvtres.write.1.tlog
C:\Users\David\documents\visual studio 2010\Projects\Squeak\Squeak\Debug\link.5512.read.1.tlog
C:\Users\David\documents\visual studio 2010\Projects\Squeak\Squeak\Debug\link.5512.write.1.tlog
C:\Users\David\documents\visual studio 2010\Projects\Squeak\Squeak\Debug\link.5512-cvtres.read.1.tlog
C:\Users\David\documents\visual studio 2010\Projects\Squeak\Squeak\Debug\link.5512-cvtres.write.1.tlog
C:\Users\David\documents\visual studio 2010\Projects\Squeak\Squeak\Debug\link.5680.read.1.tlog
C:\Users\David\documents\visual studio 2010\Projects\Squeak\Squeak\Debug\link.5680.write.1.tlog
C:\Users\David\documents\visual studio 2010\Projects\Squeak\Squeak\Debug\link.5680-cvtres.read.1.tlog
C:\Users\David\documents\visual studio 2010\Projects\Squeak\Squeak\Debug\link.5680-cvtres.write.1.tlog
C:\Users\David\documents\visual studio 2010\Projects\Squeak\Squeak\Debug\link.5908.read.1.tlog
C:\Users\David\documents\visual studio 2010\Projects\Squeak\Squeak\Debug\link.5908.write.1.tlog
C:\Users\David\documents\visual studio 2010\Projects\Squeak\Squeak\Debug\link.5908-cvtres.read.1.tlog
C:\Users\David\documents\visual studio 2010\Projects\Squeak\Squeak\Debug\link.5908-cvtres.write.1.tlog
C:\Users\David\documents\visual studio 2010\Projects\Squeak\Squeak\Debug\link.5972.read.1.tlog
C:\Users\David\documents\visual studio 2010\Projects\Squeak\Squeak\Debug\link.5972.write.1.tlog
C:\Users\David\documents\visual studio 2010\Projects\Squeak\Squeak\Debug\link.5972-cvtres.read.1.tlog
C:\Users\David\documents\visual studio 2010\Projects\Squeak\Squeak\Debug\link.5972-cvtres.write.1.tlog
C:\Users\David\documents\visual studio 2010\Projects\Squeak\Squeak\Debug\link.5984.read.1.tlog
C:\Users\David\documents\visual studio 2010\Projects\Squeak\Squeak\Debug\link.5984.write.1.tlog
C:\Users\David\documents\visual studio 2010\Projects\Squeak\Squeak\Debug\link.5984-cvtres.read.1.tlog
C:\Users\David\documents\visual studio 2010\Projects\Squeak\Squeak\Debug\link.5984-cvtres.write.1.tlog
C:\Users\David\documents\visual studio 2010\Projects\Squeak\Squeak\Debug\link.6060.read.1.tlog
C:\Users\David\documents\visual studio 2010\Projects\Squeak\Squeak\Debug\link.6060.write.1.tlog
C:\Users\David\documents\visual studio 2010\Projects\Squeak\Squeak\Debug\link.6060-cvtres.read.1.tlog
C:\Users\David\documents\visual studio 2010\Projects\Squeak\Squeak\Debug\link.6060-cvtres.write.1.tlog
C:\Users\David\documents\visual studio 2010\Projects\Squeak\Squeak\Debug\link.6100.read.1.tlog
C:\Users\David\documents\visual studio 2010\Projects\Squeak\Squeak\Debug\link.6100.write.1.tlog
C:\Users\David\documents\visual studio 2010\Projects\Squeak\Squeak\Debug\link.6100-cvtres.read.1.tlog
C:\Users\David\documents\visual studio 2010\Projects\Squeak\Squeak\Debug\link.6100-cvtres.write.1.tlog
C:\Users\David\documents\visual studio 2010\Projects\Squeak\Squeak\Debug\link.6112.read.1.tlog
C:\Users\David\documents\visual studio 2010\Projects\Squeak\Squeak\Debug\link.6112.write.1.tlog
C:\Users\David\documents\visual studio 2010\Projects\Squeak\Squeak\Debug\link.6112-cvtres.read.1.tlog
C:\Users\David\documents\visual studio 2010\Projects\Squeak\Squeak\Debug\link.6112-cvtres.write.1.tlog
C:\Users\David\documents\visual studio 2010\Projects\Squeak\Squeak\Debug\link.6528.read.1.tlog
C:\Users\David\documents\visual studio 2010\Projects\Squeak\Squeak\Debug\link.6528.write.1.tlog
C:\Users\David\documents\visual studio 2010\Projects\Squeak\Squeak\Debug\link.6528-cvtres.read.1.tlog
C:\Users\David\documents\visual studio 2010\Projects\Squeak\Squeak\Debug\link.6528-cvtres.write.1.tlog
C:\Users\David\documents\visual studio 2010\Projects\Squeak\Squeak\Debug\link.6608.read.1.tlog
C:\Users\David\documents\visual studio 2010\Projects\Squeak\Squeak\Debug\link.6608.write.1.tlog
C:\Users\David\documents\visual studio 2010\Projects\Squeak\Squeak\Debug\link.6608-cvtres.read.1.tlog
C:\Users\David\documents\visual studio 2010\Projects\Squeak\Squeak\Debug\link.6608-cvtres.write.1.tlog
C:\Users\David\documents\visual studio 2010\Projects\Squeak\Squeak\Debug\link.6644.read.1.tlog
C:\Users\David\documents\visual studio 2010\Projects\Squeak\Squeak\Debug\link.6644.write.1.tlog
C:\Users\David\documents\visual studio 2010\Projects\Squeak\Squeak\Debug\link.6644-cvtres.read.1.tlog
C:\Users\David\documents\visual studio 2010\Projects\Squeak\Squeak\Debug\link.6644-cvtres.write.1.tlog
C:\Users\David\documents\visual studio 2010\Projects\Squeak\Squeak\Debug\link.6688.read.1.tlog
C:\Users\David\documents\visual studio 2010\Projects\Squeak\Squeak\Debug\link.6688.write.1.tlog
C:\Users\David\documents\visual studio 2010\Projects\Squeak\Squeak\Debug\link.6688-cvtres.read.1.tlog
C:\Users\David\documents\visual studio 2010\Projects\Squeak\Squeak\Debug\link.6688-cvtres.write.1.tlog
C:\Users\David\documents\visual studio 2010\Projects\Squeak\Squeak\Debug\link.6760.read.1.tlog
C:\Users\David\documents\visual studio 2010\Projects\Squeak\Squeak\Debug\link.6760.write.1.tlog
C:\Users\David\documents\visual studio 2010\Projects\Squeak\Squeak\Debug\link.6760-cvtres.read.1.tlog
C:\Users\David\documents\visual studio 2010\Projects\Squeak\Squeak\Debug\link.6760-cvtres.write.1.tlog
C:\Users\David\documents\visual studio 2010\Projects\Squeak\Squeak\Debug\link.6796.read.1.tlog
C:\Users\David\documents\visual studio 2010\Projects\Squeak\Squeak\Debug\link.6796.write.1.tlog
C:\Users\David\documents\visual studio 2010\Projects\Squeak\Squeak\Debug\link.6796-cvtres.read.1.tlog
C:\Users\David\documents\visual studio 2010\Projects\Squeak\Squeak\Debug\link.6796-cvtres.write.1.tlog
C:\Users\David\documents\visual studio 2010\Projects\Squeak\Squeak\Debug\link.7068.read.1.tlog
C:\Users\David\documents\visual studio 2010\Projects\Squeak\Squeak\Debug\link.7068.write.1.tlog
C:\Users\David\documents\visual studio 2010\Projects\Squeak\Squeak\Debug\link.7068-cvtres.read.1.tlog
C:\Users\David\documents\visual studio 2010\Projects\Squeak\Squeak\Debug\link.7068-cvtres.write.1.tlog
C:\Users\David\documents\visual studio 2010\Projects\Squeak\Squeak\Debug\link.7156.read.1.tlog
C:\Users\David\documents\visual studio 2010\Projects\Squeak\Squeak\Debug\link.7156.write.1.tlog
C:\Users\David\documents\visual studio 2010\Projects\Squeak\Squeak\Debug\link.7156-cvtres.read.1.tlog
C:\Users\David\documents\visual studio 2010\Projects\Squeak\Squeak\Debug\link.7156-cvtres.write.1.tlog
C:\Users\David\documents\visual studio 2010\Projects\Squeak\Squeak\Debug\link.7472.read.1.tlog
C:\Users\David\documents\visual studio 2010\Projects\Squeak\Squeak\Debug\link.7472.write.1.tlog
C:\Users\David\documents\visual studio 2010\Projects\Squeak\Squeak\Debug\link.7472-cvtres.read.1.tlog
C:\Users\David\documents\visual studio 2010\Projects\Squeak\Squeak\Debug\link.7472-cvtres.write.1.tlog
C:\Users\David\documents\visual studio 2010\Projects\Squeak\Squeak\Debug\link.7752.read.1.tlog
C:\Users\David\documents\visual studio 2010\Projects\Squeak\Squeak\Debug\link.7752.write.1.tlog
C:\Users\David\documents\visual studio 2010\Projects\Squeak\Squeak\Debug\link.7752-cvtres.read.1.tlog
C:\Users\David\documents\visual studio 2010\Projects\Squeak\Squeak\Debug\link.7752-cvtres.write.1.tlog
C:\Users\David\documents\visual studio 2010\Projects\Squeak\Squeak\Debug\link.7960.read.1.tlog
C:\Users\David\documents\visual studio 2010\Projects\Squeak\Squeak\Debug\link.7960.write.1.tlog
C:\Users\David\documents\visual studio 2010\Projects\Squeak\Squeak\Debug\link.7960-cvtres.read.1.tlog
C:\Users\David\documents\visual studio 2010\Projects\Squeak\Squeak\Debug\link.7960-cvtres.write.1.tlog
C:\Users\David\documents\visual studio 2010\Projects\Squeak\Squeak\Debug\link.9408.read.1.tlog
C:\Users\David\documents\visual studio 2010\Projects\Squeak\Squeak\Debug\link.9408.write.1.tlog
C:\Users\David\documents\visual studio 2010\Projects\Squeak\Squeak\Debug\link.9408-cvtres.read.1.tlog
C:\Users\David\documents\visual studio 2010\Projects\Squeak\Squeak\Debug\link.9408-cvtres.write.1.tlog
C:\Users\David\documents\visual studio 2010\Projects\Squeak\Squeak\Debug\link.9480.read.1.tlog
C:\Users\David\documents\visual studio 2010\Projects\Squeak\Squeak\Debug\link.9480.write.1.tlog
C:\Users\David\documents\visual studio 2010\Projects\Squeak\Squeak\Debug\link.9480-cvtres.read.1.tlog
C:\Users\David\documents\visual studio 2010\Projects\Squeak\Squeak\Debug\link.9480-cvtres.write.1.tlog
C:\Users\David\documents\visual studio 2010\Projects\Squeak\Squeak\Debug\link.9528.read.1.tlog
C:\Users\David\documents\visual studio 2010\Projects\Squeak\Squeak\Debug\link.9528.write.1.tlog
C:\Users\David\documents\visual studio 2010\Projects\Squeak\Squeak\Debug\link.9528-cvtres.read.1.tlog
C:\Users\David\documents\visual studio 2010\Projects\Squeak\Squeak\Debug\link.9528-cvtres.write.1.tlog
C:\Users\David\documents\visual studio 2010\Projects\Squeak\Squeak\Debug\link.9576.read.1.tlog
C:\Users\David\documents\visual studio 2010\Projects\Squeak\Squeak\Debug\link.9576.write.1.tlog
C:\Users\David\documents\visual studio 2010\Projects\Squeak\Squeak\Debug\link.9576-cvtres.read.1.tlog
C:\Users\David\documents\visual studio 2010\Projects\Squeak\Squeak\Debug\link.9576-cvtres.write.1.tlog
C:\Users\David\documents\visual studio 2010\Projects\Squeak\Squeak\Debug\link.9716.read.1.tlog
C:\Users\David\documents\visual studio 2010\Projects\Squeak\Squeak\Debug\link.9716.write.1.tlog
C:\Users\David\documents\visual studio 2010\Projects\Squeak\Squeak\Debug\link.9716-cvtres.read.1.tlog
C:\Users\David\documents\visual studio 2010\Projects\Squeak\Squeak\Debug\link.9716-cvtres.write.1.tlog
C:\Users\David\documents\visual studio 2010\Projects\Squeak\Squeak\Debug\link.9780.read.1.tlog
C:\Users\David\documents\visual studio 2010\Projects\Squeak\Squeak\Debug\link.9780.write.1.tlog
C:\Users\David\documents\visual studio 2010\Projects\Squeak\Squeak\Debug\link.9780-cvtres.read.1.tlog
C:\Users\David\documents\visual studio 2010\Projects\Squeak\Squeak\Debug\link.9780-cvtres.write.1.tlog
C:\Users\David\documents\visual studio 2010\Projects\Squeak\Squeak\Debug\link.9816.read.1.tlog
C:\Users\David\documents\visual studio 2010\Projects\Squeak\Squeak\Debug\link.9816.write.1.tlog
C:\Users\David\documents\visual studio 2010\Projects\Squeak\Squeak\Debug\link.9816-cvtres.read.1.tlog
C:\Users\David\documents\visual studio 2010\Projects\Squeak\Squeak\Debug\link.9816-cvtres.write.1.tlog
C:\Users\David\documents\visual studio 2010\Projects\Squeak\Squeak\Debug\link.9820.read.1.tlog
C:\Users\David\documents\visual studio 2010\Projects\Squeak\Squeak\Debug\link.9820.write.1.tlog
C:\Users\David\documents\visual studio 2010\Projects\Squeak\Squeak\Debug\link.9820-cvtres.read.1.tlog
C:\Users\David\documents\visual studio 2010\Projects\Squeak\Squeak\Debug\link.9820-cvtres.write.1.tlog
C:\Users\David\documents\visual studio 2010\Projects\Squeak\Squeak\Debug\link.9832.read.1.tlog
C:\Users\David\documents\visual studio 2010\Projects\Squeak\Squeak\Debug\link.9832.write.1.tlog
C:\Users\David\documents\visual studio 2010\Projects\Squeak\Squeak\Debug\link.9832-cvtres.read.1.tlog
C:\Users\David\documents\visual studio 2010\Projects\Squeak\Squeak\Debug\link.9832-cvtres.write.1.tlog
C:\Users\David\documents\visual studio 2010\Projects\Squeak\Squeak\Debug\link.9900.read.1.tlog
C:\Users\David\documents\visual studio 2010\Projects\Squeak\Squeak\Debug\link.9900.write.1.tlog
C:\Users\David\documents\visual studio 2010\Projects\Squeak\Squeak\Debug\link.9900-cvtres.read.1.tlog
C:\Users\David\documents\visual studio 2010\Projects\Squeak\Squeak\Debug\link.9900-cvtres.write.1.tlog
C:\Users\David\documents\visual studio 2010\Projects\Squeak\Squeak\Debug\link.9920.read.1.tlog
C:\Users\David\documents\visual studio 2010\Projects\Squeak\Squeak\Debug\link.9920.write.1.tlog
C:\Users\David\documents\visual studio 2010\Projects\Squeak\Squeak\Debug\link.9920-cvtres.read.1.tlog
C:\Users\David\documents\visual studio 2010\Projects\Squeak\Squeak\Debug\link.9920-cvtres.write.1.tlog
C:\Users\David\documents\visual studio 2010\Projects\Squeak\Squeak\Debug\link.9940.read.1.tlog
C:\Users\David\documents\visual studio 2010\Projects\Squeak\Squeak\Debug\link.9940.write.1.tlog
C:\Users\David\documents\visual studio 2010\Projects\Squeak\Squeak\Debug\link.9940-cvtres.read.1.tlog
C:\Users\David\documents\visual studio 2010\Projects\Squeak\Squeak\Debug\link.9940-cvtres.write.1.tlog
C:\Users\David\documents\visual studio 2010\Projects\Squeak\Squeak\Debug\link.9972.read.1.tlog
C:\Users\David\documents\visual studio 2010\Projects\Squeak\Squeak\Debug\link.9972.write.1.tlog
C:\Users\David\documents\visual studio 2010\Projects\Squeak\Squeak\Debug\link.9972-cvtres.read.1.tlog
C:\Users\David\documents\visual studio 2010\Projects\Squeak\Squeak\Debug\link.9972-cvtres.write.1.tlog
C:\Users\David\documents\visual studio 2010\Projects\Squeak\Squeak\Debug\link.9976.read.1.tlog
C:\Users\David\documents\visual studio 2010\Projects\Squeak\Squeak\Debug\link.9976.write.1.tlog
C:\Users\David\documents\visual studio 2010\Projects\Squeak\Squeak\Debug\link.9976-cvtres.read.1.tlog
C:\Users\David\documents\visual studio 2010\Projects\Squeak\Squeak\Debug\link.9976-cvtres.write.1.tlog
C:\Users\David\documents\visual studio 2010\Projects\Squeak\Squeak\Debug\link.command.1.tlog
C:\Users\David\documents\visual studio 2010\Projects\Squeak\Squeak\Debug\link.read.1.tlog
C:\Users\David\documents\visual studio 2010\Projects\Squeak\Squeak\Debug\link.write.1.tlog
C:\Users\David\documents\visual studio 2010\Projects\Squeak\Squeak\Debug\metagen.read.1.tlog
C:\USERS\DAVID\DOCUMENTS\VISUAL STUDIO 2010\PROJECTS\SQUEAK\SQUEAK\DEBUG\METAGEN.WRITE.1.TLOG
C:\Users\David\documents\visual studio 2010\Projects\Squeak\Squeak\Debug\MICROSOFT.VISUALBASIC.POWERPACKS.VS.DLL.metagen
C:\USERS\DAVID\DOCUMENTS\VISUAL STUDIO 2010\PROJECTS\SQUEAK\SQUEAK\DEBUG\MOUSEEVENT.OBJ
C:\Users\David\documents\visual studio 2010\Projects\Squeak\Squeak\Debug\mt.command.1.tlog
C:\Users\David\documents\visual studio 2010\Projects\Squeak\Squeak\Debug\mt.read.1.tlog
C:\Users\David\documents\visual studio 2010\Projects\Squeak\Squeak\Debug\mt.write.1.tlog
C:\Users\David\documents\visual studio 2010\Projects\Squeak\Squeak\Debug\rc.command.1.tlog
C:\Users\David\documents\visual studio 2010\Projects\Squeak\Squeak\Debug\rc.read.1.tlog
C:\Users\David\documents\visual studio 2010\Projects\Squeak\Squeak\Debug\rc.write.1.tlog
C:\Users\David\documents\visual studio 2010\Projects\Squeak\Squeak\Debug\ResolveAssemblyReference.cache
C:\Users\David\documents\visual studio 2010\Projects\Squeak\Squeak\Debug\RSAENH.DLL.bi
C:\USERS\DAVID\DOCUMENTS\VISUAL STUDIO 2010\PROJECTS\SQUEAK\SQUEAK\DEBUG\SQUEAK.EXE.INTERMEDIATE.MANIFEST
C:\USERS\DAVID\DOCUMENTS\VISUAL STUDIO 2010\PROJECTS\SQUEAK\SQUEAK\DEBUG\SQUEAK.FORM1.RESOURCES
C:\USERS\DAVID\DOCUMENTS\VISUAL STUDIO 2010\PROJECTS\SQUEAK\SQUEAK\DEBUG\SQUEAK.FORMTEXTINPUT.RESOURCES
C:\USERS\DAVID\DOCUMENTS\VISUAL STUDIO 2010\PROJECTS\SQUEAK\SQUEAK\DEBUG\SQUEAK.OBJ
C:\USERS\DAVID\DOCUMENTS\VISUAL STUDIO 2010\PROJECTS\SQUEAK\SQUEAK\DEBUG\SQUEAK.PCH
C:\Users\David\documents\visual studio 2010\Projects\Squeak\Squeak\Debug\Squeak.vcxproj.ResolveComReference.cache
C:\Users\David\documents\visual studio 2010\Projects\Squeak\Squeak\Debug\Squeak.write.1.tlog
C:\USERS\DAVID\DOCUMENTS\VISUAL STUDIO 2010\PROJECTS\SQUEAK\SQUEAK\DEBUG\STDAFX.OBJ
C:\USERS\DAVID\DOCUMENTS\VISUAL STUDIO 2010\PROJECTS\SQUEAK\SQUEAK\DEBUG\TIMESTATE.OBJ
C:\Users\David\documents\visual studio 2010\Projects\Squeak\Squeak\Debug\TZRES.DLL.bi
C:\USERS\DAVID\DOCUMENTS\VISUAL STUDIO 2010\PROJECTS\SQUEAK\SQUEAK\DEBUG\VC100.PDB
